[2020-02-02 15:29:44,143] multiqc                                            [DEBUG  ]  No MultiQC config found: /home/peter/miniconda3/lib/python3.7/site-packages/multiqc_config.yaml
[2020-02-02 15:29:44,143] multiqc                                            [DEBUG  ]  No MultiQC config found: /home/peter/.multiqc_config.yaml
[2020-02-02 15:29:44,143] multiqc                                            [DEBUG  ]  No MultiQC config found: multiqc_config.yaml
[2020-02-02 15:29:44,143] multiqc                                            [DEBUG  ]  Command used: /home/peter/miniconda3/bin/multiqc --title NN179 --outdir ../output/FastQC --no-megaqc-upload ../output/FastQC
[2020-02-02 15:29:46,697] multiqc                                            [DEBUG  ]  Latest MultiQC version is v1.8
[2020-02-02 15:29:46,697] multiqc                                            [INFO   ]  This is MultiQC v1.8
[2020-02-02 15:29:46,697] multiqc                                            [DEBUG  ]  Command     : /home/peter/miniconda3/bin/multiqc --title NN179 --outdir ../output/FastQC --no-megaqc-upload ../output/FastQC
[2020-02-02 15:29:46,697] multiqc                                            [DEBUG  ]  Working dir : /home/peter/SCORE/C084_Hayman_Pasricha/code
[2020-02-02 15:29:46,697] multiqc                                            [INFO   ]  Template    : default
[2020-02-02 15:29:46,697] multiqc                                            [DEBUG  ]  Running Python 3.7.3 (default, Mar 27 2019, 22:11:17)  [GCC 7.3.0]
[2020-02-02 15:29:46,697] multiqc                                            [INFO   ]  Report title: NN179
[2020-02-02 15:29:46,697] multiqc                                            [INFO   ]  Searching   : /home/peter/SCORE/C084_Hayman_Pasricha/output/FastQC
[2020-02-02 15:29:46,698] multiqc                                            [DEBUG  ]  Analysing modules: custom_content, conpair, peddy, methylQA, phantompeakqualtools, qualimap, preseq, quast, qorts, rna_seqc, rsem, rseqc, busco, goleft_indexcov, disambiguate, supernova, deeptools, sargasso, verifybamid, mirtrace, happy, homer, macs2, theta2, snpeff, gatk, htseq, bcftools, featureCounts, fgbio, dedup, damageprofiler, biobambam2, mtnucratio, picard, prokka, samblaster, samtools, sexdeterrmine, bamtools, jellyfish, vcftools, longranger, stacks, bbmap, bismark, biscuit, hicexplorer, hicup, hicpro, salmon, kallisto, slamdunk, star, hisat2, tophat, bowtie2, bowtie1, kat, leehom, adapterRemoval, clipandmerge, cutadapt, flexbar, trimmomatic, skewer, sortmerna, biobloomtools, fastq_screen, afterqc, fastp, fastqc, minionqc, mosdepth, clusterflow, bcl2fastq, interop, flash, seqyclean
[2020-02-02 15:29:46,698] multiqc                                            [DEBUG  ]  Using temporary directory for creating report: /tmp/tmpb8ahydpx
[2020-02-02 15:29:46,754] multiqc                                            [DEBUG  ]  Ignoring file as matched an ignore pattern: Undetermined_S0_R2_fastqc.html
[2020-02-02 15:29:46,754] multiqc                                            [DEBUG  ]  Ignoring file as matched an ignore pattern: RPI-6_S1_R2_fastqc.html
[2020-02-02 15:29:46,758] multiqc                                            [DEBUG  ]  Ignoring file as matched an ignore pattern: RPI-8_S4_R1_fastqc.html
[2020-02-02 15:29:46,758] multiqc                                            [DEBUG  ]  Ignoring file as matched an ignore pattern: RPI-4_S3_R2_fastqc.html
[2020-02-02 15:29:46,759] multiqc                                            [DEBUG  ]  Ignoring file as matched an ignore pattern: Undetermined_S0_R1_fastqc.html
[2020-02-02 15:29:46,759] multiqc                                            [DEBUG  ]  Ignoring file as matched an ignore pattern: RPI-7_S2_R1_fastqc.html
[2020-02-02 15:29:46,759] multiqc                                            [DEBUG  ]  Ignoring file as matched an ignore pattern: RPI-6_S1_R1_fastqc.html
[2020-02-02 15:29:46,759] multiqc                                            [DEBUG  ]  Ignoring file as matched an ignore pattern: RPI-4_S3_R1_fastqc.html
[2020-02-02 15:29:46,759] multiqc                                            [DEBUG  ]  Ignoring file as matched an ignore pattern: RPI-10_S5_R2_fastqc.html
[2020-02-02 15:29:46,760] multiqc                                            [DEBUG  ]  Ignoring file as matched an ignore pattern: RPI-7_S2_R2_fastqc.html
[2020-02-02 15:29:46,760] multiqc                                            [DEBUG  ]  Ignoring file as matched an ignore pattern: RPI-10_S5_R1_fastqc.html
[2020-02-02 15:29:46,760] multiqc                                            [DEBUG  ]  Ignoring file as matched an ignore pattern: RPI-8_S4_R2_fastqc.html
[2020-02-02 15:29:47,753] multiqc.plots.bargraph                             [DEBUG  ]  Using matplotlib version 3.1.1
[2020-02-02 15:29:47,753] multiqc.plots.linegraph                            [DEBUG  ]  Using matplotlib version 3.1.1
[2020-02-02 15:29:47,753] multiqc                                            [DEBUG  ]  No samples found: custom_content
[2020-02-02 15:29:47,755] multiqc                                            [DEBUG  ]  No samples found: conpair
[2020-02-02 15:29:47,757] multiqc                                            [DEBUG  ]  No samples found: peddy
[2020-02-02 15:29:47,759] multiqc                                            [DEBUG  ]  No samples found: methylQA
[2020-02-02 15:29:47,760] multiqc                                            [DEBUG  ]  No samples found: phantompeakqualtools
[2020-02-02 15:29:47,763] multiqc                                            [DEBUG  ]  No samples found: qualimap
[2020-02-02 15:29:47,764] multiqc                                            [DEBUG  ]  No samples found: preseq
[2020-02-02 15:29:47,766] multiqc                                            [DEBUG  ]  No samples found: quast
[2020-02-02 15:29:47,768] multiqc                                            [DEBUG  ]  No samples found: qorts
[2020-02-02 15:29:47,770] multiqc                                            [DEBUG  ]  No samples found: rna_seqc
[2020-02-02 15:29:47,772] multiqc                                            [DEBUG  ]  No samples found: rsem
[2020-02-02 15:29:47,774] multiqc                                            [DEBUG  ]  No samples found: rseqc
[2020-02-02 15:29:47,776] multiqc                                            [DEBUG  ]  No samples found: busco
[2020-02-02 15:29:47,778] multiqc                                            [DEBUG  ]  No samples found: goleft_indexcov
[2020-02-02 15:29:47,780] multiqc                                            [DEBUG  ]  No samples found: disambiguate
[2020-02-02 15:29:47,781] multiqc                                            [DEBUG  ]  No samples found: supernova
[2020-02-02 15:29:47,784] multiqc                                            [DEBUG  ]  No samples found: deeptools
[2020-02-02 15:29:47,786] multiqc                                            [DEBUG  ]  No samples found: sargasso
[2020-02-02 15:29:47,788] multiqc                                            [DEBUG  ]  No samples found: verifybamid
[2020-02-02 15:29:47,789] multiqc                                            [DEBUG  ]  No samples found: mirtrace
[2020-02-02 15:29:47,791] multiqc                                            [DEBUG  ]  No samples found: happy
[2020-02-02 15:29:47,793] multiqc                                            [DEBUG  ]  No samples found: homer
[2020-02-02 15:29:47,795] multiqc                                            [DEBUG  ]  No samples found: macs2
[2020-02-02 15:29:47,797] multiqc                                            [DEBUG  ]  No samples found: theta2
[2020-02-02 15:29:47,798] multiqc                                            [DEBUG  ]  No samples found: snpeff
[2020-02-02 15:29:47,800] multiqc                                            [DEBUG  ]  No samples found: gatk
[2020-02-02 15:29:47,802] multiqc                                            [DEBUG  ]  No samples found: htseq
[2020-02-02 15:29:47,804] multiqc                                            [DEBUG  ]  No samples found: bcftools
[2020-02-02 15:29:47,806] multiqc                                            [DEBUG  ]  No samples found: featureCounts
[2020-02-02 15:29:47,807] multiqc                                            [DEBUG  ]  No samples found: fgbio
[2020-02-02 15:29:47,809] multiqc                                            [DEBUG  ]  No samples found: dedup
[2020-02-02 15:29:47,811] multiqc                                            [DEBUG  ]  No samples found: damageprofiler
[2020-02-02 15:29:47,815] multiqc                                            [DEBUG  ]  No samples found: biobambam2
[2020-02-02 15:29:47,816] multiqc                                            [DEBUG  ]  No samples found: mtnucratio
[2020-02-02 15:29:47,818] multiqc                                            [DEBUG  ]  No samples found: picard
[2020-02-02 15:29:47,819] multiqc                                            [DEBUG  ]  No samples found: prokka
[2020-02-02 15:29:47,821] multiqc                                            [DEBUG  ]  No samples found: samblaster
[2020-02-02 15:29:47,823] multiqc                                            [DEBUG  ]  No samples found: samtools
[2020-02-02 15:29:47,825] multiqc                                            [DEBUG  ]  No samples found: sexdeterrmine
[2020-02-02 15:29:47,827] multiqc                                            [DEBUG  ]  No samples found: bamtools
[2020-02-02 15:29:47,829] multiqc                                            [DEBUG  ]  No samples found: jellyfish
[2020-02-02 15:29:47,831] multiqc                                            [DEBUG  ]  No samples found: vcftools
[2020-02-02 15:29:47,832] multiqc                                            [DEBUG  ]  No samples found: longranger
[2020-02-02 15:29:47,834] multiqc                                            [DEBUG  ]  No samples found: stacks
[2020-02-02 15:29:47,838] multiqc                                            [DEBUG  ]  No samples found: bbmap
[2020-02-02 15:29:47,839] multiqc                                            [DEBUG  ]  No samples found: bismark
[2020-02-02 15:29:47,841] multiqc                                            [DEBUG  ]  No samples found: biscuit
[2020-02-02 15:29:47,843] multiqc                                            [DEBUG  ]  No samples found: hicexplorer
[2020-02-02 15:29:47,845] multiqc                                            [DEBUG  ]  No samples found: hicup
[2020-02-02 15:29:47,846] multiqc                                            [DEBUG  ]  No samples found: hicpro
[2020-02-02 15:29:47,848] multiqc                                            [DEBUG  ]  No samples found: salmon
[2020-02-02 15:29:47,850] multiqc                                            [DEBUG  ]  No samples found: kallisto
[2020-02-02 15:29:47,852] multiqc                                            [DEBUG  ]  No samples found: slamdunk
[2020-02-02 15:29:47,853] multiqc                                            [DEBUG  ]  No samples found: star
[2020-02-02 15:29:47,855] multiqc                                            [DEBUG  ]  No samples found: hisat2
[2020-02-02 15:29:47,857] multiqc                                            [DEBUG  ]  No samples found: tophat
[2020-02-02 15:29:47,859] multiqc                                            [DEBUG  ]  No samples found: bowtie2
[2020-02-02 15:29:47,860] multiqc                                            [DEBUG  ]  No samples found: bowtie1
[2020-02-02 15:29:47,862] multiqc                                            [DEBUG  ]  No samples found: kat
[2020-02-02 15:29:47,864] multiqc                                            [DEBUG  ]  No samples found: leehom
[2020-02-02 15:29:47,865] multiqc                                            [DEBUG  ]  No samples found: adapterRemoval
[2020-02-02 15:29:47,867] multiqc                                            [DEBUG  ]  No samples found: clipandmerge
[2020-02-02 15:29:47,869] multiqc                                            [DEBUG  ]  No samples found: cutadapt
[2020-02-02 15:29:47,871] multiqc                                            [DEBUG  ]  No samples found: flexbar
[2020-02-02 15:29:47,872] multiqc                                            [DEBUG  ]  No samples found: trimmomatic
[2020-02-02 15:29:47,874] multiqc                                            [DEBUG  ]  No samples found: skewer
[2020-02-02 15:29:47,876] multiqc                                            [DEBUG  ]  No samples found: sortmerna
[2020-02-02 15:29:47,877] multiqc                                            [DEBUG  ]  No samples found: biobloomtools
[2020-02-02 15:29:47,879] multiqc                                            [DEBUG  ]  No samples found: fastq_screen
[2020-02-02 15:29:47,881] multiqc                                            [DEBUG  ]  No samples found: afterqc
[2020-02-02 15:29:47,883] multiqc                                            [DEBUG  ]  No samples found: fastp
[2020-02-02 15:29:48,440] multiqc.modules.fastqc.fastqc                      [INFO   ]  Found 12 reports
[2020-02-02 15:29:48,528] multiqc                                            [DEBUG  ]  No samples found: minionqc
[2020-02-02 15:29:48,530] multiqc                                            [DEBUG  ]  No samples found: mosdepth
[2020-02-02 15:29:48,532] multiqc                                            [DEBUG  ]  No samples found: clusterflow
[2020-02-02 15:29:48,533] multiqc                                            [DEBUG  ]  No samples found: bcl2fastq
[2020-02-02 15:29:48,535] multiqc                                            [DEBUG  ]  No samples found: interop
[2020-02-02 15:29:48,537] multiqc                                            [DEBUG  ]  No samples found: flash
[2020-02-02 15:29:48,539] multiqc                                            [DEBUG  ]  No samples found: seqyclean
[2020-02-02 15:29:48,549] multiqc                                            [INFO   ]  Compressing plot data
[2020-02-02 15:29:48,663] multiqc                                            [INFO   ]  Report      : ../output/FastQC/NN179_multiqc_report.html
[2020-02-02 15:29:48,664] multiqc                                            [INFO   ]  Data        : ../output/FastQC/NN179_multiqc_report_data
[2020-02-02 15:29:48,664] multiqc                                            [DEBUG  ]  Moving data file from '/tmp/tmpb8ahydpx/multiqc_data/multiqc_general_stats.txt' to '../output/FastQC/NN179_multiqc_report_data'
[2020-02-02 15:29:48,664] multiqc                                            [DEBUG  ]  Moving data file from '/tmp/tmpb8ahydpx/multiqc_data/multiqc_qualimap_bamqc_genome_results.txt' to '../output/FastQC/NN179_multiqc_report_data'
[2020-02-02 15:29:48,664] multiqc                                            [DEBUG  ]  Moving data file from '/tmp/tmpb8ahydpx/multiqc_data/multiqc_sources.txt' to '../output/FastQC/NN179_multiqc_report_data'
[2020-02-02 15:29:48,664] multiqc                                            [DEBUG  ]  Moving data file from '/tmp/tmpb8ahydpx/multiqc_data/multiqc_fastqc.txt' to '../output/FastQC/NN179_multiqc_report_data'
[2020-02-02 15:29:48,733] multiqc                                            [INFO   ]  MultiQC complete
